<?xml version="1.0" encoding="UTF-8"?>
<!-- Generated by org.testng.reporters.JUnitXMLReporter -->
<testsuite ignored="0" hostname="Inspiron-545" failures="0" tests="4" name="Default test" time="51.904" errors="0" timestamp="2019-12-26T20:57:22 EST">
  <testcase classname="Academy.HomePageTest" name="BasePageNavigation" time="4.597"/>
  <testcase classname="Academy.HomePageTest" name="validateHeader" time="0.088"/>
  <testcase classname="Academy.HomePageTest" name="validateTitle" time="0.081"/>
  <testcase classname="Academy.LoginPageTest" name="LoginPageNavigation" time="10.426"/>
</testsuite> <!-- Default test -->
