<?xml version="1.0" encoding="UTF-8"?>
<!-- Generated by org.testng.reporters.JUnitXMLReporter -->
<testsuite ignored="0" hostname="Inspiron-545" failures="0" tests="5" name="Test" time="61.334" errors="0" timestamp="2019-12-26T19:03:48 EST">
  <testcase classname="Academy.HomePageTest" name="BasePageNavigation" time="6.848"/>
  <testcase classname="Academy.HomePageTest" name="validateHeader" time="0.441"/>
  <testcase classname="Academy.HomePageTest" name="validateTitle" time="0.195"/>
  <testcase classname="Academy.LoginPageTest" name="BasePageNavigation" time="5.239"/>
  <testcase classname="Academy.LoginPageTest" name="LoginPageNavigation" time="8.46"/>
</testsuite> <!-- Test -->
