<?xml version="1.0" encoding="UTF-8"?>
<!-- Generated by org.testng.reporters.JUnitXMLReporter -->
<testsuite ignored="0" hostname="Inspiron-545" failures="0" tests="4" name="Validating titles" time="62.133" errors="0" timestamp="2019-12-28T22:09:14 EST">
  <testcase classname="Academy.HomePageTest" name="BasePageNavigation" time="6.524"/>
  <testcase classname="Academy.HomePageTest" name="validateHeader" time="0.602"/>
  <testcase classname="Academy.HomePageTest" name="validateTitle" time="0.249"/>
  <testcase classname="Academy.LoginPageTest" name="LoginPageNavigation" time="12.188"/>
</testsuite> <!-- Validating titles -->
