<?xml version="1.0" encoding="UTF-8"?>
<testng-results ignored="0" total="4" passed="4" failed="0" skipped="0">
  <reporter-output>
  </reporter-output>
  <suite started-at="2019-12-28T22:08:12 EST" name="Suite" finished-at="2019-12-28T22:09:14 EST" duration-ms="62133">
    <groups>
    </groups>
    <test started-at="2019-12-28T22:08:12 EST" name="Validating titles" finished-at="2019-12-28T22:09:14 EST" duration-ms="62133">
      <class name="Academy.LoginPageTest">
        <test-method is-config="true" signature="initialize()[pri:0, instance:Academy.LoginPageTest@7d898981]" started-at="2019-12-28T22:08:30 EST" name="initialize" finished-at="2019-12-28T22:08:38 EST" duration-ms="7469" status="PASS">
          <reporter-output>
          </reporter-output>
        </test-method> <!-- initialize -->
        <test-method signature="LoginPageNavigation(java.lang.String, java.lang.String)[pri:4, instance:Academy.LoginPageTest@7d898981]" started-at="2019-12-28T22:08:46 EST" name="LoginPageNavigation" data-provider="getData" finished-at="2019-12-28T22:08:58 EST" duration-ms="12188" status="PASS">
          <params>
            <param index="0">
              <value>
                <![CDATA[amsvrid@gmail.com]]>
              </value>
            </param>
            <param index="1">
              <value>
                <![CDATA[123456]]>
              </value>
            </param>
          </params>
          <reporter-output>
          </reporter-output>
        </test-method> <!-- LoginPageNavigation -->
        <test-method is-config="true" signature="tearDown()[pri:0, instance:Academy.LoginPageTest@7d898981]" started-at="2019-12-28T22:09:05 EST" name="tearDown" finished-at="2019-12-28T22:09:14 EST" duration-ms="8869" status="PASS">
          <reporter-output>
          </reporter-output>
        </test-method> <!-- tearDown -->
      </class> <!-- Academy.LoginPageTest -->
      <class name="Academy.HomePageTest">
        <test-method is-config="true" signature="initialize()[pri:0, instance:Academy.HomePageTest@282cb7c7]" started-at="2019-12-28T22:08:12 EST" name="initialize" finished-at="2019-12-28T22:08:30 EST" duration-ms="18681" status="PASS">
          <reporter-output>
          </reporter-output>
        </test-method> <!-- initialize -->
        <test-method signature="BasePageNavigation()[pri:1, instance:Academy.HomePageTest@282cb7c7]" started-at="2019-12-28T22:08:38 EST" name="BasePageNavigation" finished-at="2019-12-28T22:08:45 EST" duration-ms="6524" status="PASS">
          <reporter-output>
          </reporter-output>
        </test-method> <!-- BasePageNavigation -->
        <test-method signature="validateHeader()[pri:2, instance:Academy.HomePageTest@282cb7c7]" started-at="2019-12-28T22:08:45 EST" name="validateHeader" finished-at="2019-12-28T22:08:45 EST" duration-ms="602" status="PASS">
          <reporter-output>
          </reporter-output>
        </test-method> <!-- validateHeader -->
        <test-method signature="validateTitle()[pri:3, instance:Academy.HomePageTest@282cb7c7]" started-at="2019-12-28T22:08:45 EST" name="validateTitle" finished-at="2019-12-28T22:08:46 EST" duration-ms="249" status="PASS">
          <reporter-output>
          </reporter-output>
        </test-method> <!-- validateTitle -->
        <test-method is-config="true" signature="tearDown()[pri:0, instance:Academy.HomePageTest@282cb7c7]" started-at="2019-12-28T22:08:58 EST" name="tearDown" finished-at="2019-12-28T22:09:05 EST" duration-ms="6983" status="PASS">
          <reporter-output>
          </reporter-output>
        </test-method> <!-- tearDown -->
      </class> <!-- Academy.HomePageTest -->
    </test> <!-- Validating titles -->
  </suite> <!-- Suite -->
</testng-results>
