<?xml version="1.0" encoding="UTF-8"?>
<testsuite xmlns:xsi="http://www.w3.org/2001/XMLSchema-instance" xsi:noNamespaceSchemaLocation="https://maven.apache.org/surefire/maven-surefire-plugin/xsd/surefire-test-report-3.0.xsd" version="3.0" name="TestSuite" time="66.275" tests="4" errors="0" skipped="0" failures="0">
  <properties>
[...]
</properties>
  <testcase name="BasePageNavigation" classname="Academy.HomePageTest" time="6.559"/>
  <testcase name="validateHeader" classname="Academy.HomePageTest" time="0.589"/>
  <testcase name="validateTitle" classname="Academy.HomePageTest" time="0.246"/>
  <testcase name="LoginPageNavigation" classname="Academy.LoginPageTest" time="12.19"/>
</testsuite>