<?xml version="1.0" encoding="UTF-8"?>
<testng-results ignored="0" total="4" passed="4" failed="0" skipped="0">
  <reporter-output>
  </reporter-output>
  <suite started-at="2019-12-26T20:56:30 EST" name="Default suite" finished-at="2019-12-26T20:57:22 EST" duration-ms="51904">
    <groups>
    </groups>
    <test started-at="2019-12-26T20:56:30 EST" name="Default test" finished-at="2019-12-26T20:57:22 EST" duration-ms="51904">
      <class name="Academy.LoginPageTest">
        <test-method is-config="true" signature="initialize()[pri:0, instance:Academy.LoginPageTest@6581dc0a]" started-at="2019-12-26T20:56:37 EST" name="initialize" finished-at="2019-12-26T20:56:43 EST" duration-ms="6259" status="PASS">
          <reporter-output>
          </reporter-output>
        </test-method> <!-- initialize -->
        <test-method signature="LoginPageNavigation(java.lang.String, java.lang.String)[pri:4, instance:Academy.LoginPageTest@6581dc0a]" started-at="2019-12-26T20:56:48 EST" name="LoginPageNavigation" data-provider="getData" finished-at="2019-12-26T20:56:59 EST" duration-ms="10426" status="PASS">
          <params>
            <param index="0">
              <value>
                <![CDATA[amsvrid@gmail.com]]>
              </value>
            </param>
            <param index="1">
              <value>
                <![CDATA[123456]]>
              </value>
            </param>
          </params>
          <reporter-output>
          </reporter-output>
        </test-method> <!-- LoginPageNavigation -->
        <test-method is-config="true" signature="tearDown()[pri:0, instance:Academy.LoginPageTest@6581dc0a]" started-at="2019-12-26T20:57:06 EST" name="tearDown" finished-at="2019-12-26T20:57:22 EST" duration-ms="16658" status="PASS">
          <reporter-output>
          </reporter-output>
        </test-method> <!-- tearDown -->
      </class> <!-- Academy.LoginPageTest -->
      <class name="Academy.HomePageTest">
        <test-method is-config="true" signature="initialize()[pri:0, instance:Academy.HomePageTest@39de3d36]" started-at="2019-12-26T20:56:30 EST" name="initialize" finished-at="2019-12-26T20:56:37 EST" duration-ms="6714" status="PASS">
          <reporter-output>
          </reporter-output>
        </test-method> <!-- initialize -->
        <test-method signature="BasePageNavigation()[pri:1, instance:Academy.HomePageTest@39de3d36]" started-at="2019-12-26T20:56:43 EST" name="BasePageNavigation" finished-at="2019-12-26T20:56:48 EST" duration-ms="4597" status="PASS">
          <reporter-output>
          </reporter-output>
        </test-method> <!-- BasePageNavigation -->
        <test-method signature="validateHeader()[pri:2, instance:Academy.HomePageTest@39de3d36]" started-at="2019-12-26T20:56:48 EST" name="validateHeader" finished-at="2019-12-26T20:56:48 EST" duration-ms="88" status="PASS">
          <reporter-output>
          </reporter-output>
        </test-method> <!-- validateHeader -->
        <test-method signature="validateTitle()[pri:3, instance:Academy.HomePageTest@39de3d36]" started-at="2019-12-26T20:56:48 EST" name="validateTitle" finished-at="2019-12-26T20:56:48 EST" duration-ms="81" status="PASS">
          <reporter-output>
          </reporter-output>
        </test-method> <!-- validateTitle -->
        <test-method is-config="true" signature="tearDown()[pri:0, instance:Academy.HomePageTest@39de3d36]" started-at="2019-12-26T20:56:59 EST" name="tearDown" finished-at="2019-12-26T20:57:06 EST" duration-ms="6978" status="PASS">
          <reporter-output>
          </reporter-output>
        </test-method> <!-- tearDown -->
      </class> <!-- Academy.HomePageTest -->
    </test> <!-- Default test -->
  </suite> <!-- Default suite -->
</testng-results>
